<?xml version="1.0" encoding="UTF-8"?>
<!-- Generated by org.testng.reporters.JUnitReportReporter -->
<testsuite hostname="CHANDRESHs-MacBook-Air.local" failures="0" tests="2" name="basicTestngConcept.DependsOnMethod" time="0.037" errors="0" timestamp="2024-12-04T19:28:00 IST" skipped="0">
  <testcase classname="basicTestngConcept.DependsOnMethod" name="enterCredentials" time="0.005"/>
  <testcase classname="basicTestngConcept.DependsOnMethod" name="enterURL" time="0.032"/>
</testsuite> <!-- basicTestngConcept.DependsOnMethod -->
