<?xml version="1.0" encoding="UTF-8"?>
<!-- Generated by org.testng.reporters.JUnitReportReporter -->
<testsuite hostname="CHANDRESHs-MacBook-Air.local" failures="0" tests="1" name="basicTestngConcept.A1" time="0.024" errors="0" timestamp="2024-12-04T19:45:57 IST" skipped="0">
  <testcase classname="basicTestngConcept.A1" name="A1" time="0.024"/>
</testsuite> <!-- basicTestngConcept.A1 -->
