<?xml version="1.0" encoding="UTF-8"?>
<!-- Generated by org.testng.reporters.JUnitReportReporter -->
<testsuite hostname="CHANDRESHs-MacBook-Air.local" failures="0" tests="1" name="practiceWithTestng.HandlingNewTab" time="29.533" errors="0" timestamp="2024-12-03T22:05:50 IST" skipped="0">
  <testcase classname="practiceWithTestng.HandlingNewTab" name="newTab" time="29.533"/>
</testsuite> <!-- practiceWithTestng.HandlingNewTab -->
