<?xml version="1.0" encoding="UTF-8"?>
<!-- Generated by org.testng.reporters.JUnitReportReporter -->
<testsuite hostname="CHANDRESHs-MacBook-Air.local" failures="0" tests="1" name="practiceWithTestng.CapturingScreenshot" time="20.740" errors="0" timestamp="2024-12-04T22:03:48 IST" skipped="0">
  <testcase classname="practiceWithTestng.CapturingScreenshot" name="screenshot" time="20.740"/>
</testsuite> <!-- practiceWithTestng.CapturingScreenshot -->
