<?xml version="1.0" encoding="UTF-8"?>
<!-- Generated by org.testng.reporters.JUnitReportReporter -->
<testsuite hostname="CHANDRESHs-MacBook-Air.local" failures="0" tests="1" name="basicTestngConcept.A2" time="0.027" errors="0" timestamp="2024-12-04T19:48:58 IST" skipped="0">
  <testcase classname="basicTestngConcept.A2" name="m2" time="0.027"/>
</testsuite> <!-- basicTestngConcept.A2 -->
