<?xml version="1.0" encoding="UTF-8"?>
<!-- Generated by org.testng.reporters.JUnitReportReporter -->
<testsuite hostname="CHANDRESHs-MacBook-Air.local" failures="0" tests="5" name="basicTestngConcept.Demo3" time="0.039" errors="0" timestamp="2024-12-04T18:36:34 IST" skipped="0">
  <testcase classname="basicTestngConcept.Demo3" name="launchBrowser" time="0.026"/>
  <testcase classname="basicTestngConcept.Demo3" name="enterUsername" time="0.002"/>
  <testcase classname="basicTestngConcept.Demo3" name="enterPassword" time="0.003"/>
  <testcase classname="basicTestngConcept.Demo3" name="ClickCheckbox" time="0.005"/>
  <testcase classname="basicTestngConcept.Demo3" name="closeBrowser" time="0.003"/>
</testsuite> <!-- basicTestngConcept.Demo3 -->
