<?xml version="1.0" encoding="UTF-8"?>
<!-- Generated by org.testng.reporters.JUnitReportReporter -->
<testsuite hostname="CHANDRESHs-MacBook-Air.local" failures="0" tests="1" name="basicTestngConcept.GroupingDemo" time="0.022" errors="0" timestamp="2024-12-04T19:37:27 IST" skipped="0">
  <testcase classname="basicTestngConcept.GroupingDemo" name="m3" time="0.022"/>
</testsuite> <!-- basicTestngConcept.GroupingDemo -->
