<?xml version="1.0" encoding="UTF-8"?>
<!-- Generated by org.testng.reporters.JUnitReportReporter -->
<testsuite hostname="CHANDRESHs-MacBook-Air.local" failures="0" tests="1" name="practiceWithTestng.CaptureLogo" time="17.944" errors="0" timestamp="2024-12-04T22:11:49 IST" skipped="0">
  <testcase classname="practiceWithTestng.CaptureLogo" name="screenshot" time="17.944"/>
</testsuite> <!-- practiceWithTestng.CaptureLogo -->
