<?xml version="1.0" encoding="UTF-8"?>
<!-- Generated by org.testng.reporters.JUnitReportReporter -->
<testsuite hostname="CHANDRESHs-MacBook-Air.local" failures="0" tests="1" name="basicTestngConcept.A3" time="0.024" errors="0" timestamp="2024-12-04T19:52:47 IST" skipped="0">
  <testcase classname="basicTestngConcept.A3" name="m1" time="0.024"/>
</testsuite> <!-- basicTestngConcept.A3 -->
