<?xml version="1.0" encoding="UTF-8"?>
<!-- Generated by org.testng.reporters.JUnitReportReporter -->
<testsuite hostname="CHANDRESHs-MacBook-Air.local" failures="0" tests="1" name="practiceWithTestng.VerifyLogin" time="37.917" errors="0" timestamp="2024-12-04T21:33:34 IST" skipped="0">
  <testcase classname="practiceWithTestng.VerifyLogin" name="login" time="37.917"/>
</testsuite> <!-- practiceWithTestng.VerifyLogin -->
